[2026-04-18 10:00:01] Starting book post generation...
Fetching channel video list...
Error: yt-dlp error: spawnSync /home/jsong/.local/bin/yt-dlp ENOBUFS
    at fetchVideoList (file:///home/jsong/dev/jsong1230-github/jsong1230.github.io/scripts/generate-book-post.js:47:27)
    at main (file:///home/jsong/dev/jsong1230-github/jsong1230.github.io/scripts/generate-book-post.js:262:19)
    at file:///home/jsong/dev/jsong1230-github/jsong1230.github.io/scripts/generate-book-post.js:294:1
    at ModuleJob.run (node:internal/modules/esm/module_job:430:25)
    at async onImport.tracePromise.__proto__ (node:internal/modules/esm/loader:661:26)
    at async asyncRunEntryPointWithESMLoader (node:internal/modules/run_main:101:5)
[2026-04-25 10:00:01] Starting book post generation...
Fetching channel video list...
Error: yt-dlp error: spawnSync /home/jsong/.local/bin/yt-dlp ENOBUFS
    at fetchVideoList (file:///home/jsong/dev/jsong1230-github/jsong1230.github.io/scripts/generate-book-post.js:47:27)
    at main (file:///home/jsong/dev/jsong1230-github/jsong1230.github.io/scripts/generate-book-post.js:262:19)
    at file:///home/jsong/dev/jsong1230-github/jsong1230.github.io/scripts/generate-book-post.js:294:1
    at ModuleJob.run (node:internal/modules/esm/module_job:430:25)
    at async onImport.tracePromise.__proto__ (node:internal/modules/esm/loader:661:26)
    at async asyncRunEntryPointWithESMLoader (node:internal/modules/run_main:101:5)
[2026-05-02 10:00:01] Starting book post generation...
Fetching channel video list...
Selected: [핵심 요약] 역사는 어떻게 진보하고 왜 퇴보하는가 (The Age of Revolutions · 5분 핵심 요약·AI 심층 분석 · 핵심 주제·인사이트·정리)
English pair: [Summary] The Age of Revolutions (5-min Summary · AI Deep Dive · Key Ideas & Takeaways)
Downloading Korean subtitles...
Transcript: 5070 chars
Korean book post created: 2026-05-02-book-역사는-어떻게-진보하고-왜-퇴보하는가-ai-시대-기술의-속도보다-중요한-인간의-방향.mdx
✅ Book post done!
[2026-05-02 10:00:23] Book post committed and pushed.
[2026-05-09 10:00:01] Starting book post generation...
Fetching channel video list...
Selected: [핵심 요약] 청춘의 독서 (Youth and Reading · 5분 핵심 요약·AI 심층 분석 · 핵심 주제·인사이트·정리)
English pair: [Summary] Youth and Reading (5-min Summary · AI Deep Dive · Key Ideas & Takeaways)
Downloading Korean subtitles...
Transcript: 3602 chars
Korean book post created: 2026-05-09-book-청춘의-독서-최첨단-기술의-시대-변하지-않는-가치를-찾는-법.mdx
✅ Book post done!
[2026-05-09 10:00:25] Book post committed and pushed.
[2026-05-16 10:00:01] Starting book post generation...
Fetching channel video list...
Selected: [핵심 요약] 세상에 마음 주지 마라: 웨인 다이어 (5분 핵심 요약·AI 심층 분석 · 핵심 주제·인사이트·정리)
Downloading Korean subtitles...
Transcript: 4828 chars
Korean book post created: 2026-05-16-book-세상에-마음-주지-마라-성취라는-가상-세계를-넘어-진짜-나를-만나는-법.mdx
✅ Book post done!
[2026-05-16 10:00:50] Book post committed and pushed.
[2026-05-23 10:00:01] Starting book post generation...
Fetching channel video list...
Selected: [핵심 요약] THE 2028 GLOBAL INTELLIGENCE CRISIS (5분 핵심 요약·AI 심층 분석 · 핵심 주제·인사이트·정리)
Downloading Korean subtitles...
Transcript: 6185 chars
Korean book post created: 2026-05-23-book-the-2028-global-intelligence-crisis-ai의-완벽한-성공이-불러올-유령-gdp의-공포.mdx
✅ Book post done!
[2026-05-23 10:00:26] Book post committed and pushed.
