[2026-04-12 08:00:01] Updating dashboard data...
gram-jsong: 13 repos
mini-jsong: 8 repos
✅ Dashboard data written to /home/jsong/dev/jsong1230-github/jsong1230.github.io/src/data/dashboard.json
[2026-04-12 08:00:04] Dashboard data pushed.
[2026-04-13 08:00:01] Updating dashboard data...
gram-jsong: 13 repos
mini-jsong: 8 repos
✅ Dashboard data written to /home/jsong/dev/jsong1230-github/jsong1230.github.io/src/data/dashboard.json
[2026-04-13 08:00:04] Dashboard data pushed.
[2026-04-14 08:00:01] Updating dashboard data...
gram-jsong: 15 repos
mini-jsong: 8 repos
✅ Dashboard data written to /home/jsong/dev/jsong1230-github/jsong1230.github.io/src/data/dashboard.json
[2026-04-14 08:00:04] Dashboard data pushed.
[2026-04-15 08:00:01] Updating dashboard data...
gram-jsong: 15 repos
mini-jsong: 10 repos
✅ Dashboard data written to /home/jsong/dev/jsong1230-github/jsong1230.github.io/src/data/dashboard.json
[2026-04-15 08:00:04] Dashboard data pushed.
[2026-04-16 08:00:01] Updating dashboard data...
gram-jsong: 15 repos
mini-jsong: 12 repos
✅ Dashboard data written to /home/jsong/dev/jsong1230-github/jsong1230.github.io/src/data/dashboard.json
[2026-04-16 08:00:05] Dashboard data pushed.
[2026-04-17 08:00:01] Updating dashboard data...
gram-jsong: 15 repos
mini-jsong: 14 repos
✅ Dashboard data written to /home/jsong/dev/jsong1230-github/jsong1230.github.io/src/data/dashboard.json
[2026-04-17 08:00:05] Dashboard data pushed.
[2026-04-18 08:00:02] Updating dashboard data...
gram-jsong: 16 repos
mini-jsong: 28 repos
✅ Dashboard data written to /home/jsong/dev/jsong1230-github/jsong1230.github.io/src/data/dashboard.json
[2026-04-18 08:00:06] Dashboard data pushed.
[2026-04-19 08:00:01] Updating dashboard data...
gram-jsong: 16 repos
mini-jsong: 28 repos
✅ Dashboard data written to /home/jsong/dev/jsong1230-github/jsong1230.github.io/src/data/dashboard.json
[2026-04-19 08:00:06] Dashboard data pushed.
[2026-04-20 08:00:01] Updating dashboard data...
gram-jsong: 16 repos
mini-jsong: 28 repos
✅ Dashboard data written to /home/jsong/dev/jsong1230-github/jsong1230.github.io/src/data/dashboard.json
[2026-04-20 08:00:06] Dashboard data pushed.
[2026-04-21 08:00:01] Updating dashboard data...
gram-jsong: 16 repos
mini-jsong: 28 repos
✅ Dashboard data written to /home/jsong/dev/jsong1230-github/jsong1230.github.io/src/data/dashboard.json
[2026-04-21 08:00:06] Dashboard data pushed.
[2026-04-22 08:00:01] Updating dashboard data...
gram-jsong: 16 repos
mini-jsong: 28 repos
✅ Dashboard data written to /home/jsong/dev/jsong1230-github/jsong1230.github.io/src/data/dashboard.json
[2026-04-22 08:00:06] Dashboard data pushed.
[2026-04-23 08:00:01] Updating dashboard data...
gram-jsong: 16 repos
mini-jsong: 28 repos
✅ Dashboard data written to /home/jsong/dev/jsong1230-github/jsong1230.github.io/src/data/dashboard.json
[2026-04-23 08:00:07] Dashboard data pushed.
[2026-04-24 08:00:01] Updating dashboard data...
gram-jsong: 16 repos
mini-jsong: 28 repos
✅ Dashboard data written to /home/jsong/dev/jsong1230-github/jsong1230.github.io/src/data/dashboard.json
[2026-04-24 08:00:07] Dashboard data pushed.
[2026-04-25 08:00:01] Updating dashboard data...
gram-jsong: 16 repos
mini-jsong: 28 repos
✅ Dashboard data written to /home/jsong/dev/jsong1230-github/jsong1230.github.io/src/data/dashboard.json
[2026-04-25 08:00:06] Dashboard data pushed.
[2026-04-26 08:00:01] Updating dashboard data...
gram-jsong: 16 repos
mini-jsong: 28 repos
✅ Dashboard data written to /home/jsong/dev/jsong1230-github/jsong1230.github.io/src/data/dashboard.json
[2026-04-26 08:00:06] Dashboard data pushed.
[2026-04-27 08:00:01] Updating dashboard data...
gram-jsong: 16 repos
mini-jsong: 28 repos
✅ Dashboard data written to /home/jsong/dev/jsong1230-github/jsong1230.github.io/src/data/dashboard.json
[2026-04-27 08:00:06] Dashboard data pushed.
[2026-04-28 08:00:01] Updating dashboard data...
gram-jsong: 16 repos
mini-jsong: 28 repos
✅ Dashboard data written to /home/jsong/dev/jsong1230-github/jsong1230.github.io/src/data/dashboard.json
[2026-04-28 08:00:06] Dashboard data pushed.
[2026-04-29 08:00:01] Updating dashboard data...
gram-jsong: 16 repos
mini-jsong: 28 repos
✅ Dashboard data written to /home/jsong/dev/jsong1230-github/jsong1230.github.io/src/data/dashboard.json
[2026-04-29 08:00:06] Dashboard data pushed.
[2026-04-30 08:00:01] Updating dashboard data...
gram-jsong: 16 repos
mini-jsong: 28 repos
✅ Dashboard data written to /home/jsong/dev/jsong1230-github/jsong1230.github.io/src/data/dashboard.json
[2026-04-30 08:00:06] Dashboard data pushed.
[2026-05-01 08:00:01] Updating dashboard data...
gram-jsong: 16 repos
mini-jsong: 28 repos
✅ Dashboard data written to /home/jsong/dev/jsong1230-github/jsong1230.github.io/src/data/dashboard.json
[2026-05-01 08:00:06] Dashboard data pushed.
[2026-05-02 08:00:01] Updating dashboard data...
gram-jsong: 16 repos
mini-jsong: 28 repos
✅ Dashboard data written to /home/jsong/dev/jsong1230-github/jsong1230.github.io/src/data/dashboard.json
[2026-05-02 08:00:06] Dashboard data pushed.
[2026-05-03 08:00:01] Updating dashboard data...
gram-jsong: 16 repos
mini-jsong: 28 repos
✅ Dashboard data written to /home/jsong/dev/jsong1230-github/jsong1230.github.io/src/data/dashboard.json
[2026-05-03 08:00:06] Dashboard data pushed.
[2026-05-04 08:00:01] Updating dashboard data...
gram-jsong: 16 repos
mini-jsong: 28 repos
✅ Dashboard data written to /home/jsong/dev/jsong1230-github/jsong1230.github.io/src/data/dashboard.json
[2026-05-04 08:00:07] Dashboard data pushed.
[2026-05-05 08:00:01] Updating dashboard data...
gram-jsong: 16 repos
mini-jsong: 28 repos
✅ Dashboard data written to /home/jsong/dev/jsong1230-github/jsong1230.github.io/src/data/dashboard.json
[2026-05-05 08:00:06] Dashboard data pushed.
[2026-05-06 08:00:01] Updating dashboard data...
gram-jsong: 16 repos
mini-jsong: 28 repos
✅ Dashboard data written to /home/jsong/dev/jsong1230-github/jsong1230.github.io/src/data/dashboard.json
[2026-05-06 08:00:05] Dashboard data pushed.
[2026-05-07 08:00:01] Updating dashboard data...
gram-jsong: 16 repos
mini-jsong: 28 repos
✅ Dashboard data written to /home/jsong/dev/jsong1230-github/jsong1230.github.io/src/data/dashboard.json
[2026-05-07 08:00:06] Dashboard data pushed.
[2026-05-08 08:00:01] Updating dashboard data...
gram-jsong: 16 repos
mini-jsong: 28 repos
✅ Dashboard data written to /home/jsong/dev/jsong1230-github/jsong1230.github.io/src/data/dashboard.json
[2026-05-08 08:00:06] Dashboard data pushed.
[2026-05-09 08:00:01] Updating dashboard data...
gram-jsong: 16 repos
mini-jsong: 28 repos
✅ Dashboard data written to /home/jsong/dev/jsong1230-github/jsong1230.github.io/src/data/dashboard.json
[2026-05-09 08:00:06] Dashboard data pushed.
[2026-05-10 08:00:01] Updating dashboard data...
gram-jsong: 16 repos
mini-jsong: 28 repos
✅ Dashboard data written to /home/jsong/dev/jsong1230-github/jsong1230.github.io/src/data/dashboard.json
[2026-05-10 08:00:06] Dashboard data pushed.
[2026-05-11 08:00:01] Updating dashboard data...
gram-jsong: 16 repos
mini-jsong: 28 repos
✅ Dashboard data written to /home/jsong/dev/jsong1230-github/jsong1230.github.io/src/data/dashboard.json
[2026-05-11 08:00:06] Dashboard data pushed.
[2026-05-12 08:00:01] Updating dashboard data...
gram-jsong: 18 repos
mini-jsong: 28 repos
✅ Dashboard data written to /home/jsong/dev/jsong1230-github/jsong1230.github.io/src/data/dashboard.json
[2026-05-12 08:00:06] Dashboard data pushed.
[2026-05-13 08:00:01] Updating dashboard data...
gram-jsong: 18 repos
mini-jsong: 28 repos
✅ Dashboard data written to /home/jsong/dev/jsong1230-github/jsong1230.github.io/src/data/dashboard.json
[2026-05-13 08:00:06] Dashboard data pushed.
[2026-05-14 08:00:01] Updating dashboard data...
gram-jsong: 19 repos
mini-jsong: 29 repos
✅ Dashboard data written to /home/jsong/dev/jsong1230-github/jsong1230.github.io/src/data/dashboard.json
[2026-05-14 08:00:06] Dashboard data pushed.
[2026-05-15 08:00:01] Updating dashboard data...
gram-jsong: 19 repos
mini-jsong: 29 repos
✅ Dashboard data written to /home/jsong/dev/jsong1230-github/jsong1230.github.io/src/data/dashboard.json
[2026-05-15 08:00:06] Dashboard data pushed.
[2026-05-16 08:00:02] Updating dashboard data...
gram-jsong: 19 repos
mini-jsong: 29 repos
✅ Dashboard data written to /home/jsong/dev/jsong1230-github/jsong1230.github.io/src/data/dashboard.json
[2026-05-16 08:00:06] Dashboard data pushed.
[2026-05-17 08:00:01] Updating dashboard data...
gram-jsong: 19 repos
mini-jsong: 29 repos
✅ Dashboard data written to /home/jsong/dev/jsong1230-github/jsong1230.github.io/src/data/dashboard.json
[2026-05-17 08:00:06] Dashboard data pushed.
[2026-05-18 08:00:01] Updating dashboard data...
gram-jsong: 19 repos
mini-jsong: 29 repos
✅ Dashboard data written to /home/jsong/dev/jsong1230-github/jsong1230.github.io/src/data/dashboard.json
[2026-05-18 08:00:06] Dashboard data pushed.
[2026-05-19 08:00:01] Updating dashboard data...
gram-jsong: 24 repos
mini-jsong: 30 repos
✅ Dashboard data written to /home/jsong/dev/jsong1230-github/jsong1230.github.io/src/data/dashboard.json
[2026-05-19 08:00:06] Dashboard data pushed.
[2026-05-20 08:00:01] Updating dashboard data...
gram-jsong: 25 repos
mini-jsong: 30 repos
✅ Dashboard data written to /home/jsong/dev/jsong1230-github/jsong1230.github.io/src/data/dashboard.json
[2026-05-20 08:00:06] Dashboard data pushed.
[2026-05-21 08:00:01] Updating dashboard data...
gram-jsong: 24 repos
mini-jsong: 30 repos
✅ Dashboard data written to /home/jsong/dev/jsong1230-github/jsong1230.github.io/src/data/dashboard.json
[2026-05-21 08:00:07] Dashboard data pushed.
[2026-05-22 08:00:01] Updating dashboard data...
gram-jsong: 24 repos
mini-jsong: 30 repos
✅ Dashboard data written to /home/jsong/dev/jsong1230-github/jsong1230.github.io/src/data/dashboard.json
[2026-05-22 08:00:06] Dashboard data pushed.
[2026-05-23 08:00:01] Updating dashboard data...
gram-jsong: 24 repos
mini-jsong: 30 repos
✅ Dashboard data written to /home/jsong/dev/jsong1230-github/jsong1230.github.io/src/data/dashboard.json
[2026-05-23 08:00:06] Dashboard data pushed.
[2026-05-24 08:00:01] Updating dashboard data...
gram-jsong: 24 repos
mini-jsong: 30 repos
✅ Dashboard data written to /home/jsong/dev/jsong1230-github/jsong1230.github.io/src/data/dashboard.json
[2026-05-24 08:00:06] Dashboard data pushed.
[2026-05-25 08:00:01] Updating dashboard data...
gram-jsong: 24 repos
mini-jsong: 30 repos
✅ Dashboard data written to /home/jsong/dev/jsong1230-github/jsong1230.github.io/src/data/dashboard.json
[2026-05-25 08:00:06] Dashboard data pushed.
