[2026-04-12 10:00:01] Starting weekly recap generation...
Generating weekly recap for 2026-04-05 ~ 2026-04-12
Found 4 ko posts for the week
Generating ko recap...
Created: 2026-04-12-weekly-recap-2026-04-05-2026-04-12-주간-회고-기술적-본질과-디지털-주권의-탐구.mdx.mdx
Found 4 en posts for the week
Generating en recap...
Created: 2026-04-12-weekly-recap-week-of-2026-04-05-velocity-vs-utility.mdx.mdx
✅ Weekly recap done!
[2026-04-12 10:00:30] Weekly recap committed and pushed.
[2026-04-19 10:00:01] Starting weekly recap generation...
Generating weekly recap for 2026-04-12 ~ 2026-04-19
Found 15 ko posts for the week
Generating ko recap...
Created: 2026-04-19-weekly-recap-2026-04-12-2026-04-19-주간-회고-정체성의-주권과-과거의-재현.mdx.mdx
Found 9 en posts for the week
Generating en recap...
Created: 2026-04-19-weekly-recap-week-of-2026-04-12-from-decentralized-identity-to-human-scale-ai.mdx.mdx
✅ Weekly recap done!
[2026-04-19 10:00:30] Weekly recap committed and pushed.
[2026-04-26 10:00:01] Starting weekly recap generation...
Generating weekly recap for 2026-04-19 ~ 2026-04-26
Found 16 ko posts for the week
Generating ko recap...
Created: 2026-04-26-weekly-recap-2026-04-19-2026-04-26-주간-회고-디테일한-ux-폴리싱과-자동화의-조화.mdx.mdx
Found 9 en posts for the week
Generating en recap...
Created: 2026-04-26-weekly-recap-week-of-2026-04-19-engineering-empathy-and-the-architecture-of-visibility.mdx.mdx
✅ Weekly recap done!
[2026-04-26 10:00:32] Weekly recap committed and pushed.
[2026-05-03 10:00:01] Starting weekly recap generation...
Generating weekly recap for 2026-04-26 ~ 2026-05-03
Found 17 ko posts for the week
Generating ko recap...
Created: 2026-05-03-weekly-recap-2026-04-26-2026-05-03-주간-회고-기술적-정교함과-인간적-가치의-균형.mdx.mdx
Found 9 en posts for the week
Generating en recap...
Created: 2026-05-03-weekly-recap-week-of-2026-04-26-bridging-ai-ambition-and-production-reality.mdx.mdx
✅ Weekly recap done!
[2026-05-03 10:00:32] Weekly recap committed and pushed.
[2026-05-10 10:00:01] Starting weekly recap generation...
Generating weekly recap for 2026-05-03 ~ 2026-05-10
Found 17 ko posts for the week
Generating ko recap...
Created: 2026-05-10-weekly-recap-2026-05-03-2026-05-10-주간-회고-런칭-d-7-완성도를-향한-마지막-디테일.mdx.mdx
Found 9 en posts for the week
Generating en recap...
Created: 2026-05-10-weekly-recap-week-of-2026-05-03-the-final-mile-and-silent-failures.mdx.mdx
✅ Weekly recap done!
[2026-05-10 10:00:35] Weekly recap committed and pushed.
[2026-05-17 10:00:01] Starting weekly recap generation...
Generating weekly recap for 2026-05-10 ~ 2026-05-17
Found 17 ko posts for the week
Generating ko recap...
Created: 2026-05-17-weekly-recap-2026-05-10-2026-05-17-주간-회고-디테일의-집착과-비움의-균형.mdx.mdx
Found 9 en posts for the week
Generating en recap...
Created: 2026-05-17-weekly-recap-week-of-2026-05-10-precision-and-the-war-on-silent-failures.mdx.mdx
✅ Weekly recap done!
[2026-05-17 10:00:33] Weekly recap committed and pushed.
[2026-05-24 10:00:01] Starting weekly recap generation...
Generating weekly recap for 2026-05-17 ~ 2026-05-24
Found 17 ko posts for the week
Generating ko recap...
Created: 2026-05-24-weekly-recap-2026-05-17-2026-05-24-주간-회고-디테일의-힘과-데이터-가시성-ai-시대의-생존-전략.mdx.mdx
Found 9 en posts for the week
Generating en recap...
Created: 2026-05-24-weekly-recap-week-of-2026-05-17-infrastructure-precision-and-engineering-visibility.mdx.mdx
✅ Weekly recap done!
[2026-05-24 10:00:34] Weekly recap committed and pushed.
